<?xml version="1.0" encoding="UTF-8"?>
<robot generator="Robot 7.0 (Python 3.12.1 on win32)" generated="2025-03-12T10:51:57.098359" rpa="false" schemaversion="5">
<suite id="s1" name="Features" source="C:\Users\User\Desktop\ProjetosEstudos\Robot_Servrest_web\projeto-automacao\tests\features">
<suite id="s1-s1" name="Cadastro" source="C:\Users\User\Desktop\ProjetosEstudos\Robot_Servrest_web\projeto-automacao\tests\features\cadastro.robot">
<test id="s1-s1-t1" name="CT-01 - Validar cadastro novo usuario" line="7">
<kw name="Dado acesso a pagina de cadastro" owner="cadastro">
<kw name="Dado que estou na página inicial" owner="globalKeywords">
<try>
<branch type="TRY">
<kw name="Open Browser" owner="SeleniumLibrary">
<msg time="2025-03-12T10:51:57.766698" level="INFO">Opening browser 'Chrome' to base url 'https://front.serverest.dev/login'.</msg>
<arg>${URL}</arg>
<arg>${BROWSER}</arg>
<doc>Opens a new browser instance to the optional ``url``.</doc>
<status status="PASS" start="2025-03-12T10:51:57.766698" elapsed="3.835360"/>
</kw>
<status status="PASS" start="2025-03-12T10:51:57.766698" elapsed="3.835360"/>
</branch>
<branch type="EXCEPT">
<kw name="Log To Console" owner="BuiltIn">
<arg>elemento não localizado</arg>
<doc>Logs the given message to the console.</doc>
<status status="NOT RUN" start="2025-03-12T10:52:01.602058" elapsed="0.000000"/>
</kw>
<status status="NOT RUN" start="2025-03-12T10:52:01.602058" elapsed="0.000000"/>
</branch>
<status status="PASS" start="2025-03-12T10:51:57.766698" elapsed="3.836404"/>
</try>
<status status="PASS" start="2025-03-12T10:51:57.765690" elapsed="3.837412"/>
</kw>
<kw name="Clicar no botão" owner="globalKeywords">
<kw name="Wait Until Element Is Visible" owner="SeleniumLibrary">
<arg>${ELEMENTO}</arg>
<arg>${TIMEOUT}</arg>
<doc>Waits until the element ``locator`` is visible.</doc>
<status status="PASS" start="2025-03-12T10:52:01.604051" elapsed="0.023982"/>
</kw>
<kw name="Click Element" owner="SeleniumLibrary">
<msg time="2025-03-12T10:52:01.629034" level="INFO">Clicking element 'xpath=//a[text()='Cadastre-se']'.</msg>
<arg>${ELEMENTO}</arg>
<doc>Click the element identified by ``locator``.</doc>
<status status="PASS" start="2025-03-12T10:52:01.629034" elapsed="0.164304"/>
</kw>
<arg>${ENTRAR_CADASTRE_SE}</arg>
<status status="PASS" start="2025-03-12T10:52:01.603102" elapsed="0.190236"/>
</kw>
<status status="PASS" start="2025-03-12T10:51:57.765690" elapsed="4.028655"/>
</kw>
<kw name="Quando preencho formulario com dados validos" owner="cadastro">
<kw name="Gerar Usuario" owner="usuarios">
<msg time="2025-03-12T10:52:01.797345" level="INFO">${usuario} = {'nome': 'Sergio Martinez', 'email': 'timothy87@example.net', 'senha': '#0%uXZlEda37'}</msg>
<var>${usuario}</var>
<doc>Gera um novo usuário e adiciona ao JSON sem apagar os anteriores.</doc>
<status status="PASS" start="2025-03-12T10:52:01.795348" elapsed="0.001997"/>
</kw>
<kw name="Inserir texto" owner="globalKeywords">
<kw name="Wait Until Element Is Visible" owner="SeleniumLibrary">
<arg>${ELEMENTO}</arg>
<arg>${TIMEOUT}</arg>
<doc>Waits until the element ``locator`` is visible.</doc>
<status status="PASS" start="2025-03-12T10:52:01.797345" elapsed="0.020973"/>
</kw>
<kw name="Input Text" owner="SeleniumLibrary">
<msg time="2025-03-12T10:52:01.818318" level="INFO">Typing text 'Sergio Martinez' into text field 'id=nome'.</msg>
<arg>${ELEMENTO}</arg>
<arg>${TEXTO}</arg>
<doc>Types the given ``text`` into the text field identified by ``locator``.</doc>
<status status="PASS" start="2025-03-12T10:52:01.818318" elapsed="0.082675"/>
</kw>
<arg>${INPUT_NOME}</arg>
<arg>${usuario}[nome]</arg>
<status status="PASS" start="2025-03-12T10:52:01.797345" elapsed="0.103648"/>
</kw>
<kw name="Inserir texto" owner="globalKeywords">
<kw name="Wait Until Element Is Visible" owner="SeleniumLibrary">
<arg>${ELEMENTO}</arg>
<arg>${TIMEOUT}</arg>
<doc>Waits until the element ``locator`` is visible.</doc>
<status status="PASS" start="2025-03-12T10:52:01.900993" elapsed="0.014246"/>
</kw>
<kw name="Input Text" owner="SeleniumLibrary">
<msg time="2025-03-12T10:52:01.915239" level="INFO">Typing text 'timothy87@example.net' into text field 'id=email'.</msg>
<arg>${ELEMENTO}</arg>
<arg>${TEXTO}</arg>
<doc>Types the given ``text`` into the text field identified by ``locator``.</doc>
<status status="PASS" start="2025-03-12T10:52:01.915239" elapsed="0.064159"/>
</kw>
<arg>${INPUT_EMAIL}</arg>
<arg>${usuario}[email]</arg>
<status status="PASS" start="2025-03-12T10:52:01.900993" elapsed="0.078405"/>
</kw>
<kw name="Inserir texto" owner="globalKeywords">
<kw name="Wait Until Element Is Visible" owner="SeleniumLibrary">
<arg>${ELEMENTO}</arg>
<arg>${TIMEOUT}</arg>
<doc>Waits until the element ``locator`` is visible.</doc>
<status status="PASS" start="2025-03-12T10:52:01.980904" elapsed="0.015404"/>
</kw>
<kw name="Input Text" owner="SeleniumLibrary">
<msg time="2025-03-12T10:52:01.997307" level="INFO">Typing text '#0%uXZlEda37' into text field 'id=password'.</msg>
<arg>${ELEMENTO}</arg>
<arg>${TEXTO}</arg>
<doc>Types the given ``text`` into the text field identified by ``locator``.</doc>
<status status="PASS" start="2025-03-12T10:52:01.996308" elapsed="0.057597"/>
</kw>
<arg>${INPUT_PASSWORD}</arg>
<arg>${usuario}[senha]</arg>
<status status="PASS" start="2025-03-12T10:52:01.979398" elapsed="0.074507"/>
</kw>
<kw name="Clicar no botão" owner="globalKeywords">
<kw name="Wait Until Element Is Visible" owner="SeleniumLibrary">
<arg>${ELEMENTO}</arg>
<arg>${TIMEOUT}</arg>
<doc>Waits until the element ``locator`` is visible.</doc>
<status status="PASS" start="2025-03-12T10:52:02.054905" elapsed="0.013511"/>
</kw>
<kw name="Click Element" owner="SeleniumLibrary">
<msg time="2025-03-12T10:52:02.069418" level="INFO">Clicking element 'xpath=//button[text()='Cadastrar']'.</msg>
<arg>${ELEMENTO}</arg>
<doc>Click the element identified by ``locator``.</doc>
<status status="PASS" start="2025-03-12T10:52:02.069418" elapsed="0.041477"/>
</kw>
<arg>${BOTAO_CADASTRAR}</arg>
<status status="PASS" start="2025-03-12T10:52:02.053905" elapsed="0.056990"/>
</kw>
<status status="PASS" start="2025-03-12T10:52:01.795348" elapsed="0.316555"/>
</kw>
<kw name="Então cadastro e realizado com sucesso" owner="cadastro">
<kw name="Wait Until Location Is" owner="SeleniumLibrary">
<arg>https://front.serverest.dev/home</arg>
<arg>timeout=10s</arg>
<doc>Waits until the current URL is ``expected``.</doc>
<status status="PASS" start="2025-03-12T10:52:02.111903" elapsed="3.797756"/>
</kw>
<kw name="Get Location" owner="SeleniumLibrary">
<msg time="2025-03-12T10:52:05.914200" level="INFO">${url_atual} = https://front.serverest.dev/home</msg>
<var>${url_atual}</var>
<doc>Returns the current browser window URL.</doc>
<status status="PASS" start="2025-03-12T10:52:05.909659" elapsed="0.004541"/>
</kw>
<kw name="Should Be Equal" owner="BuiltIn">
<arg>${url_atual}</arg>
<arg>https://front.serverest.dev/home</arg>
<doc>Fails if the given objects are unequal.</doc>
<status status="PASS" start="2025-03-12T10:52:05.914200" elapsed="0.000000"/>
</kw>
<status status="PASS" start="2025-03-12T10:52:02.111903" elapsed="3.802297"/>
</kw>
<status status="PASS" start="2025-03-12T10:51:57.764698" elapsed="8.150508"/>
</test>
<test id="s1-s1-t2" name="CT-02 - Validar cadastro novo usuario como admin" line="12">
<kw name="Dado acesso a pagina de cadastro" owner="cadastro">
<kw name="Dado que estou na página inicial" owner="globalKeywords">
<try>
<branch type="TRY">
<kw name="Open Browser" owner="SeleniumLibrary">
<msg time="2025-03-12T10:52:05.917179" level="INFO">Opening browser 'Chrome' to base url 'https://front.serverest.dev/login'.</msg>
<arg>${URL}</arg>
<arg>${BROWSER}</arg>
<doc>Opens a new browser instance to the optional ``url``.</doc>
<status status="PASS" start="2025-03-12T10:52:05.917179" elapsed="3.700177"/>
</kw>
<status status="PASS" start="2025-03-12T10:52:05.917179" elapsed="3.701174"/>
</branch>
<branch type="EXCEPT">
<kw name="Log To Console" owner="BuiltIn">
<arg>elemento não localizado</arg>
<doc>Logs the given message to the console.</doc>
<status status="NOT RUN" start="2025-03-12T10:52:09.618353" elapsed="0.000000"/>
</kw>
<status status="NOT RUN" start="2025-03-12T10:52:09.618353" elapsed="0.000000"/>
</branch>
<status status="PASS" start="2025-03-12T10:52:05.917179" elapsed="3.701174"/>
</try>
<status status="PASS" start="2025-03-12T10:52:05.917179" elapsed="3.701174"/>
</kw>
<kw name="Clicar no botão" owner="globalKeywords">
<kw name="Wait Until Element Is Visible" owner="SeleniumLibrary">
<arg>${ELEMENTO}</arg>
<arg>${TIMEOUT}</arg>
<doc>Waits until the element ``locator`` is visible.</doc>
<status status="PASS" start="2025-03-12T10:52:09.618353" elapsed="0.021149"/>
</kw>
<kw name="Click Element" owner="SeleniumLibrary">
<msg time="2025-03-12T10:52:09.641038" level="INFO">Clicking element 'xpath=//a[text()='Cadastre-se']'.</msg>
<arg>${ELEMENTO}</arg>
<doc>Click the element identified by ``locator``.</doc>
<status status="PASS" start="2025-03-12T10:52:09.639502" elapsed="0.168028"/>
</kw>
<arg>${ENTRAR_CADASTRE_SE}</arg>
<status status="PASS" start="2025-03-12T10:52:09.618353" elapsed="0.189177"/>
</kw>
<status status="PASS" start="2025-03-12T10:52:05.916176" elapsed="3.891354"/>
</kw>
<kw name="Quando preencho formulario com dados validos como admin" owner="cadastro">
<kw name="Clicar no botão" owner="globalKeywords">
<kw name="Wait Until Element Is Visible" owner="SeleniumLibrary">
<arg>${ELEMENTO}</arg>
<arg>${TIMEOUT}</arg>
<doc>Waits until the element ``locator`` is visible.</doc>
<status status="PASS" start="2025-03-12T10:52:09.808529" elapsed="0.019540"/>
</kw>
<kw name="Click Element" owner="SeleniumLibrary">
<msg time="2025-03-12T10:52:09.828069" level="INFO">Clicking element 'xpath=//label[text()='Cadastrar como administrador?']'.</msg>
<arg>${ELEMENTO}</arg>
<doc>Click the element identified by ``locator``.</doc>
<status status="PASS" start="2025-03-12T10:52:09.828069" elapsed="0.041097"/>
</kw>
<arg>${CHECKBOX_ADMINISTRADOR}</arg>
<status status="PASS" start="2025-03-12T10:52:09.808529" elapsed="0.061633"/>
</kw>
<kw name="Quando preencho formulario com dados validos" owner="cadastro">
<kw name="Gerar Usuario" owner="usuarios">
<msg time="2025-03-12T10:52:09.871670" level="INFO">${usuario} = {'nome': 'Justin Aguilar', 'email': 'kyliesteele@example.org', 'senha': 'uC1Ts_qvL#in'}</msg>
<var>${usuario}</var>
<doc>Gera um novo usuário e adiciona ao JSON sem apagar os anteriores.</doc>
<status status="PASS" start="2025-03-12T10:52:09.870162" elapsed="0.001508"/>
</kw>
<kw name="Inserir texto" owner="globalKeywords">
<kw name="Wait Until Element Is Visible" owner="SeleniumLibrary">
<arg>${ELEMENTO}</arg>
<arg>${TIMEOUT}</arg>
<doc>Waits until the element ``locator`` is visible.</doc>
<status status="PASS" start="2025-03-12T10:52:09.871670" elapsed="0.014512"/>
</kw>
<kw name="Input Text" owner="SeleniumLibrary">
<msg time="2025-03-12T10:52:09.886182" level="INFO">Typing text 'Justin Aguilar' into text field 'id=nome'.</msg>
<arg>${ELEMENTO}</arg>
<arg>${TEXTO}</arg>
<doc>Types the given ``text`` into the text field identified by ``locator``.</doc>
<status status="PASS" start="2025-03-12T10:52:09.886182" elapsed="0.074865"/>
</kw>
<arg>${INPUT_NOME}</arg>
<arg>${usuario}[nome]</arg>
<status status="PASS" start="2025-03-12T10:52:09.871670" elapsed="0.089377"/>
</kw>
<kw name="Inserir texto" owner="globalKeywords">
<kw name="Wait Until Element Is Visible" owner="SeleniumLibrary">
<arg>${ELEMENTO}</arg>
<arg>${TIMEOUT}</arg>
<doc>Waits until the element ``locator`` is visible.</doc>
<status status="PASS" start="2025-03-12T10:52:09.962057" elapsed="0.013577"/>
</kw>
<kw name="Input Text" owner="SeleniumLibrary">
<msg time="2025-03-12T10:52:09.976634" level="INFO">Typing text 'kyliesteele@example.org' into text field 'id=email'.</msg>
<arg>${ELEMENTO}</arg>
<arg>${TEXTO}</arg>
<doc>Types the given ``text`` into the text field identified by ``locator``.</doc>
<status status="PASS" start="2025-03-12T10:52:09.975634" elapsed="0.070846"/>
</kw>
<arg>${INPUT_EMAIL}</arg>
<arg>${usuario}[email]</arg>
<status status="PASS" start="2025-03-12T10:52:09.962057" elapsed="0.084423"/>
</kw>
<kw name="Inserir texto" owner="globalKeywords">
<kw name="Wait Until Element Is Visible" owner="SeleniumLibrary">
<arg>${ELEMENTO}</arg>
<arg>${TIMEOUT}</arg>
<doc>Waits until the element ``locator`` is visible.</doc>
<status status="PASS" start="2025-03-12T10:52:10.047482" elapsed="0.013509"/>
</kw>
<kw name="Input Text" owner="SeleniumLibrary">
<msg time="2025-03-12T10:52:10.060991" level="INFO">Typing text 'uC1Ts_qvL#in' into text field 'id=password'.</msg>
<arg>${ELEMENTO}</arg>
<arg>${TEXTO}</arg>
<doc>Types the given ``text`` into the text field identified by ``locator``.</doc>
<status status="PASS" start="2025-03-12T10:52:10.060991" elapsed="0.108343"/>
</kw>
<arg>${INPUT_PASSWORD}</arg>
<arg>${usuario}[senha]</arg>
<status status="PASS" start="2025-03-12T10:52:10.046480" elapsed="0.122854"/>
</kw>
<kw name="Clicar no botão" owner="globalKeywords">
<kw name="Wait Until Element Is Visible" owner="SeleniumLibrary">
<arg>${ELEMENTO}</arg>
<arg>${TIMEOUT}</arg>
<doc>Waits until the element ``locator`` is visible.</doc>
<status status="PASS" start="2025-03-12T10:52:10.169334" elapsed="0.018551"/>
</kw>
<kw name="Click Element" owner="SeleniumLibrary">
<msg time="2025-03-12T10:52:10.187885" level="INFO">Clicking element 'xpath=//button[text()='Cadastrar']'.</msg>
<arg>${ELEMENTO}</arg>
<doc>Click the element identified by ``locator``.</doc>
<status status="PASS" start="2025-03-12T10:52:10.187885" elapsed="0.046932"/>
</kw>
<arg>${BOTAO_CADASTRAR}</arg>
<status status="PASS" start="2025-03-12T10:52:10.169334" elapsed="0.066483"/>
</kw>
<status status="PASS" start="2025-03-12T10:52:09.870162" elapsed="0.365655"/>
</kw>
<status status="PASS" start="2025-03-12T10:52:09.808529" elapsed="0.427288"/>
</kw>
<kw name="Então cadastro como admin e realizado com sucesso" owner="cadastro">
<kw name="Wait Until Location Is" owner="SeleniumLibrary">
<arg>https://front.serverest.dev/admin/home</arg>
<arg>timeout=10s</arg>
<doc>Waits until the current URL is ``expected``.</doc>
<status status="PASS" start="2025-03-12T10:52:10.235817" elapsed="3.943735"/>
</kw>
<kw name="Get Location" owner="SeleniumLibrary">
<msg time="2025-03-12T10:52:14.193713" level="INFO">${url_atual} = https://front.serverest.dev/admin/home</msg>
<var>${url_atual}</var>
<doc>Returns the current browser window URL.</doc>
<status status="PASS" start="2025-03-12T10:52:14.181116" elapsed="0.012597"/>
</kw>
<kw name="Should Be Equal" owner="BuiltIn">
<arg>${url_atual}</arg>
<arg>https://front.serverest.dev/admin/home</arg>
<doc>Fails if the given objects are unequal.</doc>
<status status="PASS" start="2025-03-12T10:52:14.193713" elapsed="0.000000"/>
</kw>
<status status="PASS" start="2025-03-12T10:52:10.235817" elapsed="3.958858"/>
</kw>
<status status="PASS" start="2025-03-12T10:52:05.916176" elapsed="8.278499"/>
</test>
<status status="PASS" start="2025-03-12T10:51:57.117438" elapsed="17.078235"/>
</suite>
<suite id="s1-s2" name="Login" source="C:\Users\User\Desktop\ProjetosEstudos\Robot_Servrest_web\projeto-automacao\tests\features\login.robot">
<test id="s1-s2-t1" name="CT-01 - Validar login com usuario valido" line="7">
<kw name="Dado que estou na página inicial" owner="globalKeywords">
<try>
<branch type="TRY">
<kw name="Open Browser" owner="SeleniumLibrary">
<msg time="2025-03-12T10:52:14.208191" level="INFO">Opening browser 'Chrome' to base url 'https://front.serverest.dev/login'.</msg>
<arg>${URL}</arg>
<arg>${BROWSER}</arg>
<doc>Opens a new browser instance to the optional ``url``.</doc>
<status status="PASS" start="2025-03-12T10:52:14.208191" elapsed="3.946654"/>
</kw>
<status status="PASS" start="2025-03-12T10:52:14.208191" elapsed="3.946654"/>
</branch>
<branch type="EXCEPT">
<kw name="Log To Console" owner="BuiltIn">
<arg>elemento não localizado</arg>
<doc>Logs the given message to the console.</doc>
<status status="NOT RUN" start="2025-03-12T10:52:18.154845" elapsed="0.000000"/>
</kw>
<status status="NOT RUN" start="2025-03-12T10:52:18.154845" elapsed="0.000000"/>
</branch>
<status status="PASS" start="2025-03-12T10:52:14.208191" elapsed="3.946654"/>
</try>
<status status="PASS" start="2025-03-12T10:52:14.208191" elapsed="3.946654"/>
</kw>
<kw name="Quando informo os dados de acesso" owner="login">
<kw name="Obter Dados Login" owner="obter_usuario">
<msg time="2025-03-12T10:52:18.156867" level="INFO">${usuario} = timothy87@example.net</msg>
<msg time="2025-03-12T10:52:18.156867" level="INFO">${senha} = #0%uXZlEda37</msg>
<var>${usuario}</var>
<var>${senha}</var>
<doc>Lê o arquivo JSON e retorna o primeiro usuário como dados de login.</doc>
<status status="PASS" start="2025-03-12T10:52:18.155874" elapsed="0.000993"/>
</kw>
<kw name="Inserir texto" owner="globalKeywords">
<kw name="Wait Until Element Is Visible" owner="SeleniumLibrary">
<arg>${ELEMENTO}</arg>
<arg>${TIMEOUT}</arg>
<doc>Waits until the element ``locator`` is visible.</doc>
<status status="PASS" start="2025-03-12T10:52:18.157876" elapsed="0.023075"/>
</kw>
<kw name="Input Text" owner="SeleniumLibrary">
<msg time="2025-03-12T10:52:18.180951" level="INFO">Typing text 'timothy87@example.net' into text field 'id=email'.</msg>
<arg>${ELEMENTO}</arg>
<arg>${TEXTO}</arg>
<doc>Types the given ``text`` into the text field identified by ``locator``.</doc>
<status status="PASS" start="2025-03-12T10:52:18.180951" elapsed="0.199777"/>
</kw>
<arg>${INPUT_LOGIN}</arg>
<arg>${usuario}</arg>
<status status="PASS" start="2025-03-12T10:52:18.156867" elapsed="0.223861"/>
</kw>
<kw name="Inserir texto" owner="globalKeywords">
<kw name="Wait Until Element Is Visible" owner="SeleniumLibrary">
<arg>${ELEMENTO}</arg>
<arg>${TIMEOUT}</arg>
<doc>Waits until the element ``locator`` is visible.</doc>
<status status="PASS" start="2025-03-12T10:52:18.381738" elapsed="0.017565"/>
</kw>
<kw name="Input Text" owner="SeleniumLibrary">
<msg time="2025-03-12T10:52:18.399303" level="INFO">Typing text '#0%uXZlEda37' into text field 'id=password'.</msg>
<arg>${ELEMENTO}</arg>
<arg>${TEXTO}</arg>
<doc>Types the given ``text`` into the text field identified by ``locator``.</doc>
<status status="PASS" start="2025-03-12T10:52:18.399303" elapsed="0.075958"/>
</kw>
<arg>${INPUT_PASSWORD}</arg>
<arg>${senha}</arg>
<status status="PASS" start="2025-03-12T10:52:18.381738" elapsed="0.093523"/>
</kw>
<kw name="Clicar no botão" owner="globalKeywords">
<kw name="Wait Until Element Is Visible" owner="SeleniumLibrary">
<arg>${ELEMENTO}</arg>
<arg>${TIMEOUT}</arg>
<doc>Waits until the element ``locator`` is visible.</doc>
<status status="PASS" start="2025-03-12T10:52:18.475261" elapsed="0.015590"/>
</kw>
<kw name="Click Element" owner="SeleniumLibrary">
<msg time="2025-03-12T10:52:18.490851" level="INFO">Clicking element 'xpath=//button[normalize-space(text())='Entrar']'.</msg>
<arg>${ELEMENTO}</arg>
<doc>Click the element identified by ``locator``.</doc>
<status status="PASS" start="2025-03-12T10:52:18.490851" elapsed="0.042030"/>
</kw>
<arg>${BOTAO_ENTRAR_LOGIN}</arg>
<status status="PASS" start="2025-03-12T10:52:18.475261" elapsed="0.057620"/>
</kw>
<status status="PASS" start="2025-03-12T10:52:18.155874" elapsed="0.377007"/>
</kw>
<kw name="Então usuario e logado com sucesso" owner="login">
<kw name="Wait Until Location Is" owner="SeleniumLibrary">
<arg>https://front.serverest.dev/home</arg>
<arg>timeout=10s</arg>
<doc>Waits until the current URL is ``expected``.</doc>
<status status="PASS" start="2025-03-12T10:52:18.533882" elapsed="0.908375"/>
</kw>
<kw name="Get Location" owner="SeleniumLibrary">
<msg time="2025-03-12T10:52:19.453265" level="INFO">${url_atual} = https://front.serverest.dev/home</msg>
<var>${url_atual}</var>
<doc>Returns the current browser window URL.</doc>
<status status="PASS" start="2025-03-12T10:52:19.443287" elapsed="0.009978"/>
</kw>
<kw name="Should Be Equal" owner="BuiltIn">
<arg>${url_atual}</arg>
<arg>https://front.serverest.dev/home</arg>
<doc>Fails if the given objects are unequal.</doc>
<status status="PASS" start="2025-03-12T10:52:19.454264" elapsed="0.000000"/>
</kw>
<status status="PASS" start="2025-03-12T10:52:18.533882" elapsed="0.920382"/>
</kw>
<tag>auth</tag>
<tag>smoke</tag>
<status status="PASS" start="2025-03-12T10:52:14.207191" elapsed="5.247073"/>
</test>
<status status="PASS" start="2025-03-12T10:52:14.196676" elapsed="5.259587"/>
</suite>
<status status="PASS" start="2025-03-12T10:51:57.099329" elapsed="22.356934"/>
</suite>
<statistics>
<total>
<stat pass="3" fail="0" skip="0">All Tests</stat>
</total>
<tag>
<stat pass="1" fail="0" skip="0">auth</stat>
<stat pass="1" fail="0" skip="0">smoke</stat>
</tag>
<suite>
<stat pass="3" fail="0" skip="0" id="s1" name="Features">Features</stat>
<stat pass="2" fail="0" skip="0" id="s1-s1" name="Cadastro">Features.Cadastro</stat>
<stat pass="1" fail="0" skip="0" id="s1-s2" name="Login">Features.Login</stat>
</suite>
</statistics>
<errors>
</errors>
</robot>
