<?xml version="1.0" encoding="UTF-8"?>
<robot generator="Robot 7.0 (Python 3.12.1 on win32)" generated="2025-03-12T09:57:58.098448" rpa="false" schemaversion="5">
<suite id="s1" name="Features" source="C:\Users\User\Desktop\ProjetosEstudos\Robot_Servrest_web\projeto-automacao\tests\features">
<suite id="s1-s1" name="Cadastro" source="C:\Users\User\Desktop\ProjetosEstudos\Robot_Servrest_web\projeto-automacao\tests\features\cadastro.robot">
<test id="s1-s1-t1" name="CT-01 - Validar cadastro novo usuario" line="7">
<kw name="Dado acesso a pagina de cadastro" owner="cadastro">
<kw name="Dado que estou na página inicial" owner="globalKeywords">
<try>
<branch type="TRY">
<kw name="Open Browser" owner="SeleniumLibrary">
<msg time="2025-03-12T09:57:58.782879" level="INFO">Opening browser 'Chrome' to base url 'https://front.serverest.dev/login'.</msg>
<arg>${URL}</arg>
<arg>${BROWSER}</arg>
<doc>Opens a new browser instance to the optional ``url``.</doc>
<status status="PASS" start="2025-03-12T09:57:58.782879" elapsed="3.841985"/>
</kw>
<status status="PASS" start="2025-03-12T09:57:58.781879" elapsed="3.842985"/>
</branch>
<branch type="EXCEPT">
<kw name="Log To Console" owner="BuiltIn">
<arg>elemento não localizado</arg>
<doc>Logs the given message to the console.</doc>
<status status="NOT RUN" start="2025-03-12T09:58:02.624864" elapsed="0.000000"/>
</kw>
<status status="NOT RUN" start="2025-03-12T09:58:02.624864" elapsed="0.000000"/>
</branch>
<status status="PASS" start="2025-03-12T09:57:58.781879" elapsed="3.842985"/>
</try>
<status status="PASS" start="2025-03-12T09:57:58.781879" elapsed="3.842985"/>
</kw>
<kw name="Clicar no botão" owner="globalKeywords">
<kw name="Wait Until Element Is Visible" owner="SeleniumLibrary">
<arg>${ELEMENTO}</arg>
<arg>${TIMEOUT}</arg>
<doc>Waits until the element ``locator`` is visible.</doc>
<status status="PASS" start="2025-03-12T09:58:02.626355" elapsed="0.024565"/>
</kw>
<kw name="Click Element" owner="SeleniumLibrary">
<msg time="2025-03-12T09:58:02.652027" level="INFO">Clicking element 'xpath=//a[text()='Cadastre-se']'.</msg>
<arg>${ELEMENTO}</arg>
<doc>Click the element identified by ``locator``.</doc>
<status status="PASS" start="2025-03-12T09:58:02.650920" elapsed="0.184433"/>
</kw>
<arg>${ENTRAR_CADASTRE_SE}</arg>
<status status="PASS" start="2025-03-12T09:58:02.626355" elapsed="0.208998"/>
</kw>
<status status="PASS" start="2025-03-12T09:57:58.781879" elapsed="4.053474"/>
</kw>
<kw name="Quando preencho formulario com dados validos" owner="cadastro">
<kw name="Gerar Usuario" owner="usuarios">
<msg time="2025-03-12T09:58:02.839361" level="INFO">${usuario} = {'nome': 'Ian Dorsey', 'email': 'vdavies@example.net', 'senha': 'X*UkOUVMZm80'}</msg>
<var>${usuario}</var>
<doc>Gera um novo usuário e adiciona ao JSON sem apagar os anteriores.</doc>
<status status="PASS" start="2025-03-12T09:58:02.836362" elapsed="0.002999"/>
</kw>
<kw name="Inserir texto" owner="globalKeywords">
<kw name="Wait Until Element Is Visible" owner="SeleniumLibrary">
<arg>${ELEMENTO}</arg>
<arg>${TIMEOUT}</arg>
<doc>Waits until the element ``locator`` is visible.</doc>
<status status="PASS" start="2025-03-12T09:58:02.839361" elapsed="0.020551"/>
</kw>
<kw name="Input Text" owner="SeleniumLibrary">
<msg time="2025-03-12T09:58:02.859912" level="INFO">Typing text 'Ian Dorsey' into text field 'id=nome'.</msg>
<arg>${ELEMENTO}</arg>
<arg>${TEXTO}</arg>
<doc>Types the given ``text`` into the text field identified by ``locator``.</doc>
<status status="PASS" start="2025-03-12T09:58:02.859912" elapsed="0.078446"/>
</kw>
<arg>${INPUT_NOME}</arg>
<arg>${usuario}[nome]</arg>
<status status="PASS" start="2025-03-12T09:58:02.839361" elapsed="0.098997"/>
</kw>
<kw name="Inserir texto" owner="globalKeywords">
<kw name="Wait Until Element Is Visible" owner="SeleniumLibrary">
<arg>${ELEMENTO}</arg>
<arg>${TIMEOUT}</arg>
<doc>Waits until the element ``locator`` is visible.</doc>
<status status="PASS" start="2025-03-12T09:58:02.939357" elapsed="0.013024"/>
</kw>
<kw name="Input Text" owner="SeleniumLibrary">
<msg time="2025-03-12T09:58:02.952381" level="INFO">Typing text 'vdavies@example.net' into text field 'id=email'.</msg>
<arg>${ELEMENTO}</arg>
<arg>${TEXTO}</arg>
<doc>Types the given ``text`` into the text field identified by ``locator``.</doc>
<status status="PASS" start="2025-03-12T09:58:02.952381" elapsed="0.062417"/>
</kw>
<arg>${INPUT_EMAIL}</arg>
<arg>${usuario}[email]</arg>
<status status="PASS" start="2025-03-12T09:58:02.938358" elapsed="0.076440"/>
</kw>
<kw name="Inserir texto" owner="globalKeywords">
<kw name="Wait Until Element Is Visible" owner="SeleniumLibrary">
<arg>${ELEMENTO}</arg>
<arg>${TIMEOUT}</arg>
<doc>Waits until the element ``locator`` is visible.</doc>
<status status="PASS" start="2025-03-12T09:58:03.014798" elapsed="0.014507"/>
</kw>
<kw name="Input Text" owner="SeleniumLibrary">
<msg time="2025-03-12T09:58:03.030809" level="INFO">Typing text 'X*UkOUVMZm80' into text field 'id=password'.</msg>
<arg>${ELEMENTO}</arg>
<arg>${TEXTO}</arg>
<doc>Types the given ``text`` into the text field identified by ``locator``.</doc>
<status status="PASS" start="2025-03-12T09:58:03.030809" elapsed="0.058612"/>
</kw>
<arg>${INPUT_PASSWORD}</arg>
<arg>${usuario}[senha]</arg>
<status status="PASS" start="2025-03-12T09:58:03.014798" elapsed="0.074623"/>
</kw>
<kw name="Clicar no botão" owner="globalKeywords">
<kw name="Wait Until Element Is Visible" owner="SeleniumLibrary">
<arg>${ELEMENTO}</arg>
<arg>${TIMEOUT}</arg>
<doc>Waits until the element ``locator`` is visible.</doc>
<status status="PASS" start="2025-03-12T09:58:03.090926" elapsed="0.015421"/>
</kw>
<kw name="Click Element" owner="SeleniumLibrary">
<msg time="2025-03-12T09:58:03.106347" level="INFO">Clicking element 'xpath=//button[text()='Cadastrar']'.</msg>
<arg>${ELEMENTO}</arg>
<doc>Click the element identified by ``locator``.</doc>
<status status="PASS" start="2025-03-12T09:58:03.106347" elapsed="0.045829"/>
</kw>
<arg>${BOTAO_CADASTRAR}</arg>
<status status="PASS" start="2025-03-12T09:58:03.090926" elapsed="0.062250"/>
</kw>
<status status="PASS" start="2025-03-12T09:58:02.836362" elapsed="0.316814"/>
</kw>
<kw name="Então cadastro e realizado com sucesso" owner="cadastro">
<kw name="Wait Until Location Is" owner="SeleniumLibrary">
<arg>https://front.serverest.dev/home</arg>
<arg>timeout=10s</arg>
<doc>Waits until the current URL is ``expected``.</doc>
<status status="PASS" start="2025-03-12T09:58:03.153176" elapsed="3.903079"/>
</kw>
<kw name="Get Location" owner="SeleniumLibrary">
<msg time="2025-03-12T09:58:07.059254" level="INFO">${url_atual} = https://front.serverest.dev/home</msg>
<var>${url_atual}</var>
<doc>Returns the current browser window URL.</doc>
<status status="PASS" start="2025-03-12T09:58:07.056255" elapsed="0.002999"/>
</kw>
<kw name="Should Be Equal" owner="BuiltIn">
<arg>${url_atual}</arg>
<arg>https://front.serverest.dev/home</arg>
<doc>Fails if the given objects are unequal.</doc>
<status status="PASS" start="2025-03-12T09:58:07.059254" elapsed="0.000000"/>
</kw>
<status status="PASS" start="2025-03-12T09:58:03.153176" elapsed="3.906078"/>
</kw>
<status status="PASS" start="2025-03-12T09:57:58.780779" elapsed="8.278475"/>
</test>
<test id="s1-s1-t2" name="CT-02 - Validar cadastro novo usuario como admin" line="12">
<kw name="Dado acesso a pagina de cadastro" owner="cadastro">
<kw name="Dado que estou na página inicial" owner="globalKeywords">
<try>
<branch type="TRY">
<kw name="Open Browser" owner="SeleniumLibrary">
<msg time="2025-03-12T09:58:07.061765" level="INFO">Opening browser 'Chrome' to base url 'https://front.serverest.dev/login'.</msg>
<arg>${URL}</arg>
<arg>${BROWSER}</arg>
<doc>Opens a new browser instance to the optional ``url``.</doc>
<status status="PASS" start="2025-03-12T09:58:07.060759" elapsed="3.901897"/>
</kw>
<status status="PASS" start="2025-03-12T09:58:07.060759" elapsed="3.901897"/>
</branch>
<branch type="EXCEPT">
<kw name="Log To Console" owner="BuiltIn">
<arg>elemento não localizado</arg>
<doc>Logs the given message to the console.</doc>
<status status="NOT RUN" start="2025-03-12T09:58:10.963660" elapsed="0.000000"/>
</kw>
<status status="NOT RUN" start="2025-03-12T09:58:10.962656" elapsed="0.001004"/>
</branch>
<status status="PASS" start="2025-03-12T09:58:07.060759" elapsed="3.902901"/>
</try>
<status status="PASS" start="2025-03-12T09:58:07.060759" elapsed="3.902901"/>
</kw>
<kw name="Clicar no botão" owner="globalKeywords">
<kw name="Wait Until Element Is Visible" owner="SeleniumLibrary">
<arg>${ELEMENTO}</arg>
<arg>${TIMEOUT}</arg>
<doc>Waits until the element ``locator`` is visible.</doc>
<status status="PASS" start="2025-03-12T09:58:10.963660" elapsed="0.022117"/>
</kw>
<kw name="Click Element" owner="SeleniumLibrary">
<msg time="2025-03-12T09:58:10.986777" level="INFO">Clicking element 'xpath=//a[text()='Cadastre-se']'.</msg>
<arg>${ELEMENTO}</arg>
<doc>Click the element identified by ``locator``.</doc>
<status status="PASS" start="2025-03-12T09:58:10.985777" elapsed="0.216533"/>
</kw>
<arg>${ENTRAR_CADASTRE_SE}</arg>
<status status="PASS" start="2025-03-12T09:58:10.963660" elapsed="0.238650"/>
</kw>
<status status="PASS" start="2025-03-12T09:58:07.060759" elapsed="4.141551"/>
</kw>
<kw name="Quando preencho formulario com dados validos como admin" owner="cadastro">
<kw name="Clicar no botão" owner="globalKeywords">
<kw name="Wait Until Element Is Visible" owner="SeleniumLibrary">
<arg>${ELEMENTO}</arg>
<arg>${TIMEOUT}</arg>
<doc>Waits until the element ``locator`` is visible.</doc>
<status status="PASS" start="2025-03-12T09:58:11.204305" elapsed="0.022067"/>
</kw>
<kw name="Click Element" owner="SeleniumLibrary">
<msg time="2025-03-12T09:58:11.227372" level="INFO">Clicking element 'xpath=//label[text()='Cadastrar como administrador?']'.</msg>
<arg>${ELEMENTO}</arg>
<doc>Click the element identified by ``locator``.</doc>
<status status="PASS" start="2025-03-12T09:58:11.227372" elapsed="0.061070"/>
</kw>
<arg>${CHECKBOX_ADMINISTRADOR}</arg>
<status status="PASS" start="2025-03-12T09:58:11.203307" elapsed="0.085135"/>
</kw>
<kw name="Quando preencho formulario com dados validos" owner="cadastro">
<kw name="Gerar Usuario" owner="usuarios">
<msg time="2025-03-12T09:58:11.290946" level="INFO">${usuario} = {'nome': 'Todd Turner', 'email': 'dmcguire@example.org', 'senha': 'DPCsPdTDL!5I'}</msg>
<var>${usuario}</var>
<doc>Gera um novo usuário e adiciona ao JSON sem apagar os anteriores.</doc>
<status status="PASS" start="2025-03-12T09:58:11.289442" elapsed="0.001504"/>
</kw>
<kw name="Inserir texto" owner="globalKeywords">
<kw name="Wait Until Element Is Visible" owner="SeleniumLibrary">
<arg>${ELEMENTO}</arg>
<arg>${TIMEOUT}</arg>
<doc>Waits until the element ``locator`` is visible.</doc>
<status status="PASS" start="2025-03-12T09:58:11.290946" elapsed="0.018523"/>
</kw>
<kw name="Input Text" owner="SeleniumLibrary">
<msg time="2025-03-12T09:58:11.309469" level="INFO">Typing text 'Todd Turner' into text field 'id=nome'.</msg>
<arg>${ELEMENTO}</arg>
<arg>${TEXTO}</arg>
<doc>Types the given ``text`` into the text field identified by ``locator``.</doc>
<status status="PASS" start="2025-03-12T09:58:11.309469" elapsed="0.087371"/>
</kw>
<arg>${INPUT_NOME}</arg>
<arg>${usuario}[nome]</arg>
<status status="PASS" start="2025-03-12T09:58:11.290946" elapsed="0.106897"/>
</kw>
<kw name="Inserir texto" owner="globalKeywords">
<kw name="Wait Until Element Is Visible" owner="SeleniumLibrary">
<arg>${ELEMENTO}</arg>
<arg>${TIMEOUT}</arg>
<doc>Waits until the element ``locator`` is visible.</doc>
<status status="PASS" start="2025-03-12T09:58:11.397843" elapsed="0.019041"/>
</kw>
<kw name="Input Text" owner="SeleniumLibrary">
<msg time="2025-03-12T09:58:11.417885" level="INFO">Typing text 'dmcguire@example.org' into text field 'id=email'.</msg>
<arg>${ELEMENTO}</arg>
<arg>${TEXTO}</arg>
<doc>Types the given ``text`` into the text field identified by ``locator``.</doc>
<status status="PASS" start="2025-03-12T09:58:11.416884" elapsed="0.074479"/>
</kw>
<arg>${INPUT_EMAIL}</arg>
<arg>${usuario}[email]</arg>
<status status="PASS" start="2025-03-12T09:58:11.397843" elapsed="0.093520"/>
</kw>
<kw name="Inserir texto" owner="globalKeywords">
<kw name="Wait Until Element Is Visible" owner="SeleniumLibrary">
<arg>${ELEMENTO}</arg>
<arg>${TIMEOUT}</arg>
<doc>Waits until the element ``locator`` is visible.</doc>
<status status="PASS" start="2025-03-12T09:58:11.491363" elapsed="0.013521"/>
</kw>
<kw name="Input Text" owner="SeleniumLibrary">
<msg time="2025-03-12T09:58:11.505885" level="INFO">Typing text 'DPCsPdTDL!5I' into text field 'id=password'.</msg>
<arg>${ELEMENTO}</arg>
<arg>${TEXTO}</arg>
<doc>Types the given ``text`` into the text field identified by ``locator``.</doc>
<status status="PASS" start="2025-03-12T09:58:11.505885" elapsed="0.053842"/>
</kw>
<arg>${INPUT_PASSWORD}</arg>
<arg>${usuario}[senha]</arg>
<status status="PASS" start="2025-03-12T09:58:11.491363" elapsed="0.068364"/>
</kw>
<kw name="Clicar no botão" owner="globalKeywords">
<kw name="Wait Until Element Is Visible" owner="SeleniumLibrary">
<arg>${ELEMENTO}</arg>
<arg>${TIMEOUT}</arg>
<doc>Waits until the element ``locator`` is visible.</doc>
<status status="PASS" start="2025-03-12T09:58:11.560726" elapsed="0.014024"/>
</kw>
<kw name="Click Element" owner="SeleniumLibrary">
<msg time="2025-03-12T09:58:11.574750" level="INFO">Clicking element 'xpath=//button[text()='Cadastrar']'.</msg>
<arg>${ELEMENTO}</arg>
<doc>Click the element identified by ``locator``.</doc>
<status status="PASS" start="2025-03-12T09:58:11.574750" elapsed="0.049454"/>
</kw>
<arg>${BOTAO_CADASTRAR}</arg>
<status status="PASS" start="2025-03-12T09:58:11.560726" elapsed="0.063478"/>
</kw>
<status status="PASS" start="2025-03-12T09:58:11.288442" elapsed="0.335762"/>
</kw>
<status status="PASS" start="2025-03-12T09:58:11.203307" elapsed="0.420897"/>
</kw>
<kw name="Então cadastro como admin e realizado com sucesso" owner="cadastro">
<kw name="Wait Until Location Is" owner="SeleniumLibrary">
<arg>https://front.serverest.dev/admin/home</arg>
<arg>timeout=10s</arg>
<doc>Waits until the current URL is ``expected``.</doc>
<status status="PASS" start="2025-03-12T09:58:11.625207" elapsed="3.920499"/>
</kw>
<kw name="Get Location" owner="SeleniumLibrary">
<msg time="2025-03-12T09:58:15.549706" level="INFO">${url_atual} = https://front.serverest.dev/admin/home</msg>
<var>${url_atual}</var>
<doc>Returns the current browser window URL.</doc>
<status status="PASS" start="2025-03-12T09:58:15.545706" elapsed="0.004000"/>
</kw>
<kw name="Should Be Equal" owner="BuiltIn">
<arg>${url_atual}</arg>
<arg>https://front.serverest.dev/admin/home</arg>
<doc>Fails if the given objects are unequal.</doc>
<status status="PASS" start="2025-03-12T09:58:15.549706" elapsed="0.000000"/>
</kw>
<status status="PASS" start="2025-03-12T09:58:11.624204" elapsed="3.925502"/>
</kw>
<status status="PASS" start="2025-03-12T09:58:07.060759" elapsed="8.489950"/>
</test>
<status status="PASS" start="2025-03-12T09:57:58.117455" elapsed="17.433254"/>
</suite>
<suite id="s1-s2" name="Login" source="C:\Users\User\Desktop\ProjetosEstudos\Robot_Servrest_web\projeto-automacao\tests\features\login.robot">
<test id="s1-s2-t1" name="CT-01 - Validar login com usuario valido" line="7">
<kw name="Dado que estou na página inicial" owner="globalKeywords">
<try>
<branch type="TRY">
<kw name="Open Browser" owner="SeleniumLibrary">
<msg time="2025-03-12T09:58:15.563162" level="INFO">Opening browser 'Chrome' to base url 'https://front.serverest.dev/login'.</msg>
<arg>${URL}</arg>
<arg>${BROWSER}</arg>
<doc>Opens a new browser instance to the optional ``url``.</doc>
<status status="PASS" start="2025-03-12T09:58:15.563162" elapsed="3.815053"/>
</kw>
<status status="PASS" start="2025-03-12T09:58:15.563162" elapsed="3.816052"/>
</branch>
<branch type="EXCEPT">
<kw name="Log To Console" owner="BuiltIn">
<arg>elemento não localizado</arg>
<doc>Logs the given message to the console.</doc>
<status status="NOT RUN" start="2025-03-12T09:58:19.379214" elapsed="0.000000"/>
</kw>
<status status="NOT RUN" start="2025-03-12T09:58:19.379214" elapsed="0.000000"/>
</branch>
<status status="PASS" start="2025-03-12T09:58:15.563162" elapsed="3.816052"/>
</try>
<status status="PASS" start="2025-03-12T09:58:15.563162" elapsed="3.816052"/>
</kw>
<kw name="Quando informo os dados de acesso" owner="login">
<kw name="Obter Dados Login" owner="obter_usuario">
<msg time="2025-03-12T09:58:19.380721" level="INFO">${usuario} = harmonmeredith@example.com</msg>
<msg time="2025-03-12T09:58:19.380721" level="INFO">${senha} = HuwA0BYq@^Q5</msg>
<var>${usuario}</var>
<var>${senha}</var>
<doc>Lê o arquivo JSON e retorna o primeiro usuário como dados de login.</doc>
<status status="PASS" start="2025-03-12T09:58:19.380721" elapsed="0.000000"/>
</kw>
<kw name="Inserir texto" owner="globalKeywords">
<kw name="Wait Until Element Is Visible" owner="SeleniumLibrary">
<arg>${ELEMENTO}</arg>
<arg>${TIMEOUT}</arg>
<doc>Waits until the element ``locator`` is visible.</doc>
<status status="PASS" start="2025-03-12T09:58:19.381731" elapsed="0.028044"/>
</kw>
<kw name="Input Text" owner="SeleniumLibrary">
<msg time="2025-03-12T09:58:19.409775" level="INFO">Typing text 'harmonmeredith@example.com' into text field 'id=email'.</msg>
<arg>${ELEMENTO}</arg>
<arg>${TEXTO}</arg>
<doc>Types the given ``text`` into the text field identified by ``locator``.</doc>
<status status="PASS" start="2025-03-12T09:58:19.409775" elapsed="0.212048"/>
</kw>
<arg>${INPUT_LOGIN}</arg>
<arg>${usuario}</arg>
<status status="PASS" start="2025-03-12T09:58:19.380721" elapsed="0.241102"/>
</kw>
<kw name="Inserir texto" owner="globalKeywords">
<kw name="Wait Until Element Is Visible" owner="SeleniumLibrary">
<arg>${ELEMENTO}</arg>
<arg>${TIMEOUT}</arg>
<doc>Waits until the element ``locator`` is visible.</doc>
<status status="PASS" start="2025-03-12T09:58:19.622822" elapsed="0.017032"/>
</kw>
<kw name="Input Text" owner="SeleniumLibrary">
<msg time="2025-03-12T09:58:19.640853" level="INFO">Typing text 'HuwA0BYq@^Q5' into text field 'id=password'.</msg>
<arg>${ELEMENTO}</arg>
<arg>${TEXTO}</arg>
<doc>Types the given ``text`` into the text field identified by ``locator``.</doc>
<status status="PASS" start="2025-03-12T09:58:19.640853" elapsed="0.071711"/>
</kw>
<arg>${INPUT_PASSWORD}</arg>
<arg>${senha}</arg>
<status status="PASS" start="2025-03-12T09:58:19.621823" elapsed="0.091744"/>
</kw>
<kw name="Clicar no botão" owner="globalKeywords">
<kw name="Wait Until Element Is Visible" owner="SeleniumLibrary">
<arg>${ELEMENTO}</arg>
<arg>${TIMEOUT}</arg>
<doc>Waits until the element ``locator`` is visible.</doc>
<status status="PASS" start="2025-03-12T09:58:19.713567" elapsed="0.017263"/>
</kw>
<kw name="Click Element" owner="SeleniumLibrary">
<msg time="2025-03-12T09:58:19.730830" level="INFO">Clicking element 'xpath=//button[normalize-space(text())='Entrar']'.</msg>
<arg>${ELEMENTO}</arg>
<doc>Click the element identified by ``locator``.</doc>
<status status="PASS" start="2025-03-12T09:58:19.730830" elapsed="0.073826"/>
</kw>
<arg>${BOTAO_ENTRAR_LOGIN}</arg>
<status status="PASS" start="2025-03-12T09:58:19.713567" elapsed="0.091089"/>
</kw>
<status status="PASS" start="2025-03-12T09:58:19.379214" elapsed="0.425442"/>
</kw>
<kw name="Então usuario e logado com sucesso" owner="login">
<kw name="Wait Until Location Is" owner="SeleniumLibrary">
<arg>https://front.serverest.dev/home</arg>
<arg>timeout=10s</arg>
<doc>Waits until the current URL is ``expected``.</doc>
<status status="PASS" start="2025-03-12T09:58:19.805654" elapsed="1.447300"/>
</kw>
<kw name="Get Location" owner="SeleniumLibrary">
<msg time="2025-03-12T09:58:21.256953" level="INFO">${url_atual} = https://front.serverest.dev/home</msg>
<var>${url_atual}</var>
<doc>Returns the current browser window URL.</doc>
<status status="PASS" start="2025-03-12T09:58:21.253953" elapsed="0.003000"/>
</kw>
<kw name="Should Be Equal" owner="BuiltIn">
<arg>${url_atual}</arg>
<arg>https://front.serverest.dev/home</arg>
<doc>Fails if the given objects are unequal.</doc>
<status status="PASS" start="2025-03-12T09:58:21.256953" elapsed="0.000000"/>
</kw>
<status status="PASS" start="2025-03-12T09:58:19.805654" elapsed="1.451299"/>
</kw>
<tag>auth</tag>
<tag>smoke</tag>
<status status="PASS" start="2025-03-12T09:58:15.563162" elapsed="5.694794"/>
</test>
<status status="PASS" start="2025-03-12T09:58:15.552142" elapsed="5.706812"/>
</suite>
<status status="PASS" start="2025-03-12T09:57:58.099427" elapsed="23.160526"/>
</suite>
<statistics>
<total>
<stat pass="3" fail="0" skip="0">All Tests</stat>
</total>
<tag>
<stat pass="1" fail="0" skip="0">auth</stat>
<stat pass="1" fail="0" skip="0">smoke</stat>
</tag>
<suite>
<stat pass="3" fail="0" skip="0" id="s1" name="Features">Features</stat>
<stat pass="2" fail="0" skip="0" id="s1-s1" name="Cadastro">Features.Cadastro</stat>
<stat pass="1" fail="0" skip="0" id="s1-s2" name="Login">Features.Login</stat>
</suite>
</statistics>
<errors>
</errors>
</robot>
